2025-11-12 21:16:45.439 [info] Getting Manifest... ms-python.debugpy
2025-11-12 21:16:45.439 [info] Getting Manifest... ms-python.python
2025-11-12 21:16:45.440 [info] Getting Manifest... ms-python.vscode-python-envs
2025-11-12 21:16:45.533 [info] Installing extension: ms-python.python {"productVersion":{"version":"1.105.1","date":"2025-10-14T22:33:36.618Z"},"pinned":false,"operation":3,"isApplicationScoped":false,"profileLocation":{"$mid":1,"external":"vscode-userdata:/home/rice/.vscode/extensions/extensions.json","path":"/home/rice/.vscode/extensions/extensions.json","scheme":"vscode-userdata"}}
2025-11-12 21:16:45.536 [info] Installing extension: ms-python.debugpy {"productVersion":{"version":"1.105.1","date":"2025-10-14T22:33:36.618Z"},"pinned":false,"operation":3,"isApplicationScoped":false,"profileLocation":{"$mid":1,"external":"vscode-userdata:/home/rice/.vscode/extensions/extensions.json","path":"/home/rice/.vscode/extensions/extensions.json","scheme":"vscode-userdata"}}
2025-11-12 21:16:45.536 [info] Installing extension: ms-python.vscode-python-envs {"productVersion":{"version":"1.105.1","date":"2025-10-14T22:33:36.618Z"},"pinned":false,"operation":3,"isApplicationScoped":false,"profileLocation":{"$mid":1,"external":"vscode-userdata:/home/rice/.vscode/extensions/extensions.json","path":"/home/rice/.vscode/extensions/extensions.json","scheme":"vscode-userdata"}}
2025-11-12 21:16:45.742 [info] Getting Manifest... ms-python.python
2025-11-12 21:16:48.454 [info] Extension signature verification result for ms-python.vscode-python-envs: Success. Internal Code: 0. Executed: true. Duration: 604ms.
2025-11-12 21:16:48.454 [info] Extension signature verification result for ms-python.python: Success. Internal Code: 0. Executed: true. Duration: 549ms.
2025-11-12 21:16:48.610 [info] Extension signature verification result for ms-python.debugpy: Success. Internal Code: 0. Executed: true. Duration: 527ms.
2025-11-12 21:16:48.678 [info] Extracted extension to file:///home/rice/.vscode/extensions/ms-python.vscode-python-envs-1.12.0-linux-x64: ms-python.vscode-python-envs
2025-11-12 21:16:48.683 [info] Renamed to /home/rice/.vscode/extensions/ms-python.vscode-python-envs-1.12.0-linux-x64
2025-11-12 21:16:48.696 [info] Marked extension as removed ms-python.vscode-python-envs-1.10.0-linux-x64
2025-11-12 21:16:48.698 [info] Extension installed successfully: ms-python.vscode-python-envs vscode-userdata:/home/rice/.vscode/extensions/extensions.json
2025-11-12 21:16:48.975 [info] Extracted extension to file:///home/rice/.vscode/extensions/ms-python.debugpy-2025.16.0-linux-x64: ms-python.debugpy
2025-11-12 21:16:48.996 [info] Renamed to /home/rice/.vscode/extensions/ms-python.debugpy-2025.16.0-linux-x64
2025-11-12 21:16:49.005 [info] Marked extension as removed ms-python.debugpy-2025.14.1-linux-x64
2025-11-12 21:16:49.006 [info] Extension installed successfully: ms-python.debugpy vscode-userdata:/home/rice/.vscode/extensions/extensions.json
2025-11-12 21:16:49.481 [info] Extracted extension to file:///home/rice/.vscode/extensions/ms-python.python-2025.18.0-linux-x64: ms-python.python
2025-11-12 21:16:49.539 [info] Renamed to /home/rice/.vscode/extensions/ms-python.python-2025.18.0-linux-x64
2025-11-12 21:16:49.553 [info] Marked extension as removed ms-python.python-2025.16.0-linux-x64
2025-11-12 21:16:49.554 [info] Extension installed successfully: ms-python.python vscode-userdata:/home/rice/.vscode/extensions/extensions.json
