11/15/2025, 12:23:00 PM CST 0: 

----------------------------------------------
11/15/2025, 12:23:00 PM CST 1: Discord starting: {"releaseChannel":"stable","version":"0.0.114"}, modulepath: /home/rice/.config/discord/0.0.114/modules
11/15/2025, 12:23:00 PM CST 2: ✅ webContents.created web1 "index.html"
11/15/2025, 12:23:00 PM CST 3: ✅ window.created win1 "discord"
11/15/2025, 12:23:00 PM CST 4: ✅ webContents.did-finish-load web1
11/15/2025, 12:23:14 PM CST 5: ✅ webContents.created web2 ""
11/15/2025, 12:23:14 PM CST 6: ✅ window.created win2 "Discord"
11/15/2025, 12:23:16 PM CST 7: ✅ webContents.did-finish-load web2
11/15/2025, 12:23:16 PM CST 8: window.close win1
11/15/2025, 12:23:16 PM CST 9: webContents.destroyed web1
11/15/2025, 12:23:16 PM CST 10: window.closed win1
11/15/2025, 12:25:00 PM CST 11: window.close win2
11/15/2025, 12:25:15 PM CST 0: 

----------------------------------------------
11/15/2025, 12:25:49 PM CST 12: window.close win2
11/15/2025, 12:36:55 PM CST 0: 

----------------------------------------------
11/15/2025, 12:37:00 PM CST 13: window.close win2
11/15/2025, 12:40:42 PM CST 0: 

----------------------------------------------
11/15/2025, 12:40:42 PM CST 1: Discord starting: {"releaseChannel":"stable","version":"0.0.114"}, modulepath: /home/rice/.config/discord/0.0.114/modules
11/15/2025, 12:40:42 PM CST 2: ✅ webContents.created web1 "index.html"
11/15/2025, 12:40:42 PM CST 3: ✅ window.created win1 "discord"
11/15/2025, 12:40:42 PM CST 4: ✅ webContents.did-finish-load web1
11/15/2025, 12:40:43 PM CST 5: ✅ webContents.created web2 ""
11/15/2025, 12:40:43 PM CST 6: ✅ window.created win2 "Discord"
11/15/2025, 12:40:43 PM CST 7: ✅ webContents.did-finish-load web2
11/15/2025, 12:40:44 PM CST 8: window.close win1
11/15/2025, 12:40:44 PM CST 9: webContents.destroyed web1
11/15/2025, 12:40:44 PM CST 10: window.closed win1
11/15/2025, 12:41:05 PM CST 11: window.close win2
11/15/2025, 12:46:31 PM CST 0: 

----------------------------------------------
11/15/2025, 12:46:31 PM CST 1: Discord starting: {"releaseChannel":"stable","version":"0.0.114"}, modulepath: /home/rice/.config/discord/0.0.114/modules
11/15/2025, 12:47:39 PM CST 0: 

----------------------------------------------
11/15/2025, 12:47:39 PM CST 1: Discord starting: {"releaseChannel":"stable","version":"0.0.114"}, modulepath: /home/rice/.config/discord/0.0.114/modules
11/15/2025, 12:47:39 PM CST 2: ✅ webContents.created web1 ""
11/15/2025, 12:47:39 PM CST 3: ✅ window.created win1 "discord"
11/15/2025, 12:47:39 PM CST 4: ✅ webContents.did-finish-load web1
11/15/2025, 12:47:39 PM CST 5: ✅ webContents.created web2 ""
11/15/2025, 12:47:39 PM CST 6: ✅ window.created win2 "Discord"
11/15/2025, 12:47:40 PM CST 7: ✅ webContents.did-finish-load web2
11/15/2025, 12:47:41 PM CST 8: window.close win1
11/15/2025, 12:47:41 PM CST 9: webContents.destroyed web1
11/15/2025, 12:47:41 PM CST 10: window.closed win1
11/15/2025, 12:47:48 PM CST 11: window.close win2
11/15/2025, 12:57:28 PM CST 0: 

----------------------------------------------
11/15/2025, 12:57:59 PM CST 12: window.close win2
11/15/2025, 12:58:25 PM CST 0: 

----------------------------------------------
11/15/2025, 12:58:25 PM CST 1: Discord starting: {"releaseChannel":"stable","version":"0.0.114"}, modulepath: /home/rice/.config/discord/0.0.114/modules
11/15/2025, 12:58:25 PM CST 2: ✅ webContents.created web1 ""
11/15/2025, 12:58:25 PM CST 3: ✅ window.created win1 "discord"
11/15/2025, 12:58:25 PM CST 4: ✅ webContents.did-finish-load web1
11/15/2025, 12:58:25 PM CST 5: ✅ webContents.created web2 ""
11/15/2025, 12:58:25 PM CST 6: ✅ window.created win2 "Discord"
11/15/2025, 12:58:26 PM CST 7: ✅ webContents.did-finish-load web2
11/15/2025, 12:58:27 PM CST 8: window.close win1
11/15/2025, 12:58:27 PM CST 9: webContents.destroyed web1
11/15/2025, 12:58:27 PM CST 10: window.closed win1
11/15/2025, 12:58:50 PM CST 11: before-quit
11/15/2025, 12:58:50 PM CST 12: window.close win2
11/15/2025, 12:58:50 PM CST 13: webContents.destroyed web2
11/15/2025, 12:58:50 PM CST 14: window.closed win2
11/15/2025, 1:30:21 PM CST 0: 

----------------------------------------------
11/15/2025, 1:30:21 PM CST 1: Discord starting: {"releaseChannel":"stable","version":"0.0.114"}, modulepath: /home/rice/.config/discord/0.0.114/modules
11/15/2025, 1:30:21 PM CST 2: ✅ webContents.created web1 "index.html"
11/15/2025, 1:30:21 PM CST 3: ✅ window.created win1 "discord"
11/15/2025, 1:30:21 PM CST 4: ✅ webContents.did-finish-load web1
11/15/2025, 1:30:21 PM CST 5: ✅ webContents.created web2 ""
11/15/2025, 1:30:21 PM CST 6: ✅ window.created win2 "Discord"
11/15/2025, 1:30:22 PM CST 7: ✅ webContents.did-finish-load web2
11/15/2025, 1:30:23 PM CST 8: window.close win1
11/15/2025, 1:30:23 PM CST 9: webContents.destroyed web1
11/15/2025, 1:30:23 PM CST 10: window.closed win1
11/15/2025, 1:30:24 PM CST 11: ✅ webContents.did-finish-load web2
11/15/2025, 1:30:39 PM CST 12: window.close win2
11/15/2025, 1:33:11 PM CST 13: window.close win2
11/15/2025, 1:35:41 PM CST 14: before-quit
11/15/2025, 1:35:41 PM CST 15: window.close win2
11/15/2025, 3:03:03 PM CST 0: 

----------------------------------------------
11/15/2025, 3:03:03 PM CST 1: Discord starting: {"releaseChannel":"stable","version":"0.0.114"}, modulepath: /home/rice/.config/discord/0.0.114/modules
11/15/2025, 3:03:03 PM CST 2: ✅ webContents.created web1 ""
11/15/2025, 3:03:03 PM CST 3: ✅ window.created win1 "discord"
11/15/2025, 3:03:03 PM CST 4: ✅ webContents.did-finish-load web1
11/15/2025, 3:03:03 PM CST 5: ✅ webContents.created web2 ""
11/15/2025, 3:03:03 PM CST 6: ✅ window.created win2 "Discord"
11/15/2025, 3:03:04 PM CST 7: ✅ webContents.did-finish-load web2
11/15/2025, 3:03:05 PM CST 8: window.close win1
11/15/2025, 3:03:05 PM CST 9: webContents.destroyed web1
11/15/2025, 3:03:05 PM CST 10: window.closed win1
11/15/2025, 3:03:17 PM CST 11: window.close win2
11/15/2025, 3:03:20 PM CST 12: before-quit
11/15/2025, 3:03:20 PM CST 13: window.close win2
11/15/2025, 3:22:38 PM CST 0: 

----------------------------------------------
11/15/2025, 3:22:38 PM CST 1: Discord starting: {"releaseChannel":"stable","version":"0.0.114"}, modulepath: /home/rice/.config/discord/0.0.114/modules
11/15/2025, 3:22:38 PM CST 2: ✅ webContents.created web1 ""
11/15/2025, 3:22:38 PM CST 3: ✅ window.created win1 "discord"
11/15/2025, 3:22:38 PM CST 4: ✅ webContents.did-finish-load web1
11/15/2025, 3:22:39 PM CST 5: ✅ webContents.created web2 ""
11/15/2025, 3:22:39 PM CST 6: ✅ window.created win2 "Discord"
11/15/2025, 3:22:39 PM CST 7: ✅ webContents.did-finish-load web2
11/15/2025, 3:22:40 PM CST 8: window.close win1
11/15/2025, 3:22:40 PM CST 9: webContents.destroyed web1
11/15/2025, 3:22:40 PM CST 10: window.closed win1
11/15/2025, 3:23:28 PM CST 11: window.close win2
11/15/2025, 3:23:37 PM CST 12: before-quit
11/15/2025, 3:23:37 PM CST 13: window.close win2
11/15/2025, 3:23:37 PM CST 14: webContents.destroyed web2
