[2025-Nov-08 22:04:11.585 -06:00][15217:15217][info ] Logging initialized
[2025-Nov-08 22:04:11.585 -06:00][15217:15217][info ] Initializing krisp SDK...
[2025-Nov-08 22:04:11.585 -06:00][15217:15217][info ] DoKrispInitialize
[2025-Nov-08 22:04:11.944 -06:00][15217:15217][info ] LoadDynamicKrisp
[2025-Nov-08 22:04:11.944 -06:00][15217:15217][info ] Did not find KRISP_DYLIB_PATH, skipping dynamic loading
[2025-Nov-08 22:04:11.944 -06:00][15217:15217][info ] Initializing Krisp SDK in PID 15217, addr 0x7f799624cf90
[2025-Nov-08 22:04:11.945 -06:00][15217:15217][info ] Initialized Krisp SDK successfully
[2025-Nov-08 22:04:11.945 -06:00][15217:15217][info ] Krisp SDK initialized
[2025-Nov-15 12:23:22.320 -06:00][24692:24692][info ] Logging initialized
[2025-Nov-15 12:23:22.320 -06:00][24692:24692][info ] Initializing krisp SDK...
[2025-Nov-15 12:23:22.320 -06:00][24692:24692][info ] DoKrispInitialize
[2025-Nov-15 12:23:22.608 -06:00][24692:24692][info ] LoadDynamicKrisp
[2025-Nov-15 12:23:22.608 -06:00][24692:24692][info ] Did not find KRISP_DYLIB_PATH, skipping dynamic loading
[2025-Nov-15 12:23:22.608 -06:00][24692:24692][info ] Initializing Krisp SDK in PID 24692, addr 0x7fca03d6cf90
[2025-Nov-15 12:23:22.608 -06:00][24692:24692][info ] Initialized Krisp SDK successfully
[2025-Nov-15 12:23:22.608 -06:00][24692:24692][info ] Krisp SDK initialized
[2025-Nov-15 12:40:44.615 -06:00][31257:31257][info ] Logging initialized
[2025-Nov-15 12:40:44.615 -06:00][31257:31257][info ] Initializing krisp SDK...
[2025-Nov-15 12:40:44.615 -06:00][31257:31257][info ] DoKrispInitialize
[2025-Nov-15 12:40:44.903 -06:00][31257:31257][info ] LoadDynamicKrisp
[2025-Nov-15 12:40:44.903 -06:00][31257:31257][info ] Did not find KRISP_DYLIB_PATH, skipping dynamic loading
[2025-Nov-15 12:40:44.903 -06:00][31257:31257][info ] Initializing Krisp SDK in PID 31257, addr 0x7f922363cf90
[2025-Nov-15 12:40:44.904 -06:00][31257:31257][info ] Initialized Krisp SDK successfully
[2025-Nov-15 12:40:44.904 -06:00][31257:31257][info ] Krisp SDK initialized
[2025-Nov-15 12:47:41.088 -06:00][34044:34044][info ] Logging initialized
[2025-Nov-15 12:47:41.088 -06:00][34044:34044][info ] Initializing krisp SDK...
[2025-Nov-15 12:47:41.088 -06:00][34044:34044][info ] DoKrispInitialize
[2025-Nov-15 12:47:41.376 -06:00][34044:34044][info ] LoadDynamicKrisp
[2025-Nov-15 12:47:41.376 -06:00][34044:34044][info ] Did not find KRISP_DYLIB_PATH, skipping dynamic loading
[2025-Nov-15 12:47:41.376 -06:00][34044:34044][info ] Initializing Krisp SDK in PID 34044, addr 0x7fb84143cf90
[2025-Nov-15 12:47:41.376 -06:00][34044:34044][info ] Initialized Krisp SDK successfully
[2025-Nov-15 12:47:41.376 -06:00][34044:34044][info ] Krisp SDK initialized
[2025-Nov-15 12:58:27.253 -06:00][38238:38238][info ] Logging initialized
[2025-Nov-15 12:58:27.253 -06:00][38238:38238][info ] Initializing krisp SDK...
[2025-Nov-15 12:58:27.253 -06:00][38238:38238][info ] DoKrispInitialize
[2025-Nov-15 12:58:27.541 -06:00][38238:38238][info ] LoadDynamicKrisp
[2025-Nov-15 12:58:27.541 -06:00][38238:38238][info ] Did not find KRISP_DYLIB_PATH, skipping dynamic loading
[2025-Nov-15 12:58:27.541 -06:00][38238:38238][info ] Initializing Krisp SDK in PID 38238, addr 0x7fd1c8c3cf90
[2025-Nov-15 12:58:27.542 -06:00][38238:38238][info ] Initialized Krisp SDK successfully
[2025-Nov-15 12:58:27.542 -06:00][38238:38238][info ] Krisp SDK initialized
[2025-Nov-15 13:30:23.141 -06:00][54130:54130][info ] Logging initialized
[2025-Nov-15 13:30:23.141 -06:00][54130:54130][info ] Initializing krisp SDK...
[2025-Nov-15 13:30:23.141 -06:00][54130:54130][info ] DoKrispInitialize
[2025-Nov-15 13:30:23.429 -06:00][54130:54130][info ] LoadDynamicKrisp
[2025-Nov-15 13:30:23.429 -06:00][54130:54130][info ] Did not find KRISP_DYLIB_PATH, skipping dynamic loading
[2025-Nov-15 13:30:23.429 -06:00][54130:54130][info ] Initializing Krisp SDK in PID 54130, addr 0x7f9b64aacf90
[2025-Nov-15 13:30:23.429 -06:00][54130:54130][info ] Initialized Krisp SDK successfully
[2025-Nov-15 13:30:23.429 -06:00][54130:54130][info ] Krisp SDK initialized
[2025-Nov-15 13:30:24.731 -06:00][54130:54130][info ] Logging initialized
[2025-Nov-15 13:30:24.731 -06:00][54130:54130][info ] Initializing krisp SDK...
[2025-Nov-15 13:30:24.731 -06:00][54130:54130][info ] Krisp SDK initialized
[2025-Nov-15 15:03:05.112 -06:00][84004:84004][info ] Logging initialized
[2025-Nov-15 15:03:05.112 -06:00][84004:84004][info ] Initializing krisp SDK...
[2025-Nov-15 15:03:05.112 -06:00][84004:84004][info ] DoKrispInitialize
[2025-Nov-15 15:03:05.400 -06:00][84004:84004][info ] LoadDynamicKrisp
[2025-Nov-15 15:03:05.400 -06:00][84004:84004][info ] Did not find KRISP_DYLIB_PATH, skipping dynamic loading
[2025-Nov-15 15:03:05.400 -06:00][84004:84004][info ] Initializing Krisp SDK in PID 84004, addr 0x7ff57e93cf90
[2025-Nov-15 15:03:05.400 -06:00][84004:84004][info ] Initialized Krisp SDK successfully
[2025-Nov-15 15:03:05.400 -06:00][84004:84004][info ] Krisp SDK initialized
[2025-Nov-15 15:22:40.529 -06:00][97441:97441][info ] Logging initialized
[2025-Nov-15 15:22:40.529 -06:00][97441:97441][info ] Initializing krisp SDK...
[2025-Nov-15 15:22:40.529 -06:00][97441:97441][info ] DoKrispInitialize
[2025-Nov-15 15:22:40.817 -06:00][97441:97441][info ] LoadDynamicKrisp
[2025-Nov-15 15:22:40.817 -06:00][97441:97441][info ] Did not find KRISP_DYLIB_PATH, skipping dynamic loading
[2025-Nov-15 15:22:40.817 -06:00][97441:97441][info ] Initializing Krisp SDK in PID 97441, addr 0x7f783623cf90
[2025-Nov-15 15:22:40.817 -06:00][97441:97441][info ] Initialized Krisp SDK successfully
[2025-Nov-15 15:22:40.817 -06:00][97441:97441][info ] Krisp SDK initialized
